+__rvm_make:0> make install
generating i686-linux-fake.rb
i686-linux-fake.rb updated
	CC = gcc
	LD = ld
	LDSHARED = gcc -shared
	CFLAGS = -O3 -fno-fast-math -ggdb3 -Wall -Wextra -Wno-unused-parameter -Wno-parentheses -Wno-long-long -Wno-missing-field-initializers -Wno-tautological-compare -Wno-parentheses-equality -Wno-constant-logical-operand -Wno-self-assign -Wunused-variable -Wimplicit-int -Wpointer-arith -Wwrite-strings -Wdeclaration-after-statement -Wimplicit-function-declaration -Wdeprecated-declarations -Wno-packed-bitfield-compat -Wsuggest-attribute=noreturn -Wsuggest-attribute=format -Wno-maybe-uninitialized -std=gnu99  -fPIC 
	XCFLAGS = -D_FORTIFY_SOURCE=2 -fstack-protector -fno-strict-overflow -fvisibility=hidden -fexcess-precision=standard -DRUBY_EXPORT
	CPPFLAGS =   -I. -I.ext/include/i686-linux -I./include -I. -I./enc/unicode/9.0.0
	DLDFLAGS = -Wl,--compress-debug-sections=zlib -Wl,-soname,libruby.so.2.4  -fstack-protector  
	SOLIBS = -lpthread -lgmp -ldl -lcrypt -lm  
gcc (Ubuntu 5.4.0-6ubuntu1~16.04.11) 5.4.0 20160609
Copyright (C) 2015 Free Software Foundation, Inc.
This is free software; see the source for copying conditions.  There is NO
warranty; not even for MERCHANTABILITY or FITNESS FOR A PARTICULAR PURPOSE.

generating enc.mk
making srcs under enc
make[1]: Entering directory '/home/vagrant/.rvm/src/ruby-2.4.0'
make[1]: Nothing to be done for 'srcs'.
make[1]: Leaving directory '/home/vagrant/.rvm/src/ruby-2.4.0'
generating transdb.h
transdb.h unchanged
generating makefile exts.mk
make[1]: Entering directory '/home/vagrant/.rvm/src/ruby-2.4.0'
make[2]: Entering directory '/home/vagrant/.rvm/src/ruby-2.4.0/ext/bigdecimal'
make[2]: Leaving directory '/home/vagrant/.rvm/src/ruby-2.4.0/ext/bigdecimal'
make[2]: Entering directory '/home/vagrant/.rvm/src/ruby-2.4.0/ext/date'
make[2]: Leaving directory '/home/vagrant/.rvm/src/ruby-2.4.0/ext/date'
make[2]: Entering directory '/home/vagrant/.rvm/src/ruby-2.4.0/ext/digest'
make[2]: Leaving directory '/home/vagrant/.rvm/src/ruby-2.4.0/ext/digest'
make[2]: Entering directory '/home/vagrant/.rvm/src/ruby-2.4.0/ext/digest/sha2'
make[2]: Leaving directory '/home/vagrant/.rvm/src/ruby-2.4.0/ext/digest/sha2'
make[2]: Entering directory '/home/vagrant/.rvm/src/ruby-2.4.0/ext/fiddle'
make[2]: Leaving directory '/home/vagrant/.rvm/src/ruby-2.4.0/ext/fiddle'
make[2]: Entering directory '/home/vagrant/.rvm/src/ruby-2.4.0/ext/io/console'
make[2]: Leaving directory '/home/vagrant/.rvm/src/ruby-2.4.0/ext/io/console'
make[2]: Entering directory '/home/vagrant/.rvm/src/ruby-2.4.0/ext/json'
make[2]: Leaving directory '/home/vagrant/.rvm/src/ruby-2.4.0/ext/json'
make[2]: Entering directory '/home/vagrant/.rvm/src/ruby-2.4.0/ext/nkf'
make[2]: Leaving directory '/home/vagrant/.rvm/src/ruby-2.4.0/ext/nkf'
make[2]: Entering directory '/home/vagrant/.rvm/src/ruby-2.4.0/ext/openssl'
make[2]: Leaving directory '/home/vagrant/.rvm/src/ruby-2.4.0/ext/openssl'
make[2]: Entering directory '/home/vagrant/.rvm/src/ruby-2.4.0/ext/pathname'
make[2]: Leaving directory '/home/vagrant/.rvm/src/ruby-2.4.0/ext/pathname'
make[2]: Entering directory '/home/vagrant/.rvm/src/ruby-2.4.0/ext/psych'
make[2]: Leaving directory '/home/vagrant/.rvm/src/ruby-2.4.0/ext/psych'
make[2]: Entering directory '/home/vagrant/.rvm/src/ruby-2.4.0/ext/pty'
make[2]: Leaving directory '/home/vagrant/.rvm/src/ruby-2.4.0/ext/pty'
make[2]: Entering directory '/home/vagrant/.rvm/src/ruby-2.4.0/ext/ripper'
make[2]: Leaving directory '/home/vagrant/.rvm/src/ruby-2.4.0/ext/ripper'
make[2]: Entering directory '/home/vagrant/.rvm/src/ruby-2.4.0/ext/rubyvm'
make[2]: Leaving directory '/home/vagrant/.rvm/src/ruby-2.4.0/ext/rubyvm'
make[2]: Entering directory '/home/vagrant/.rvm/src/ruby-2.4.0/ext/socket'
make[2]: Leaving directory '/home/vagrant/.rvm/src/ruby-2.4.0/ext/socket'
make[2]: Entering directory '/home/vagrant/.rvm/src/ruby-2.4.0/ext/syslog'
make[2]: Leaving directory '/home/vagrant/.rvm/src/ruby-2.4.0/ext/syslog'
make[2]: Entering directory '/home/vagrant/.rvm/src/ruby-2.4.0'
make[2]: 'ruby' is up to date.
make[2]: Leaving directory '/home/vagrant/.rvm/src/ruby-2.4.0'
make[1]: Leaving directory '/home/vagrant/.rvm/src/ruby-2.4.0'
making enc
make[1]: Entering directory '/home/vagrant/.rvm/src/ruby-2.4.0'
make[1]: Nothing to be done for 'enc'.
make[1]: Leaving directory '/home/vagrant/.rvm/src/ruby-2.4.0'
making trans
make[1]: Entering directory '/home/vagrant/.rvm/src/ruby-2.4.0'
make[1]: Nothing to be done for './enc/trans'.
make[1]: Leaving directory '/home/vagrant/.rvm/src/ruby-2.4.0'
making encs
make[1]: Entering directory '/home/vagrant/.rvm/src/ruby-2.4.0'
make[1]: Nothing to be done for 'encs'.
make[1]: Leaving directory '/home/vagrant/.rvm/src/ruby-2.4.0'
./miniruby -I./lib -I. -I.ext/common  ./tool/runruby.rb --extout=.ext  -- --disable-gems -r./i686-linux-fake ./tool/rbinstall.rb --make="make" --dest-dir="" --extout=".ext" --mflags="" --make-flags="" --data-mode=0644 --prog-mode=0755 --installed-list .installed.list --mantype="doc"
installing binary commands:   /home/vagrant/.rvm/rubies/ruby-2.4.0/bin
installing base libraries:    /home/vagrant/.rvm/rubies/ruby-2.4.0/lib
installing arch files:        /home/vagrant/.rvm/rubies/ruby-2.4.0/lib/ruby/2.4.0/i686-linux
installing pkgconfig data:    /home/vagrant/.rvm/rubies/ruby-2.4.0/lib/pkgconfig
installing command scripts:   /home/vagrant/.rvm/rubies/ruby-2.4.0/bin
installing library scripts:   /home/vagrant/.rvm/rubies/ruby-2.4.0/lib/ruby/2.4.0
installing common headers:    /home/vagrant/.rvm/rubies/ruby-2.4.0/include/ruby-2.4.0
installing manpages:          /home/vagrant/.rvm/rubies/ruby-2.4.0/share/man/man1
installing extension objects: /home/vagrant/.rvm/rubies/ruby-2.4.0/lib/ruby/2.4.0/i686-linux
installing extension objects: /home/vagrant/.rvm/rubies/ruby-2.4.0/lib/ruby/site_ruby/2.4.0/i686-linux
installing extension objects: /home/vagrant/.rvm/rubies/ruby-2.4.0/lib/ruby/vendor_ruby/2.4.0/i686-linux
installing extension headers: /home/vagrant/.rvm/rubies/ruby-2.4.0/include/ruby-2.4.0/i686-linux
installing extension scripts: /home/vagrant/.rvm/rubies/ruby-2.4.0/lib/ruby/2.4.0
installing extension scripts: /home/vagrant/.rvm/rubies/ruby-2.4.0/lib/ruby/site_ruby/2.4.0
installing extension scripts: /home/vagrant/.rvm/rubies/ruby-2.4.0/lib/ruby/vendor_ruby/2.4.0
installing extension headers: /home/vagrant/.rvm/rubies/ruby-2.4.0/include/ruby-2.4.0/ruby
installing default gems:      /home/vagrant/.rvm/rubies/ruby-2.4.0/lib/ruby/gems/2.4.0 (build_info, cache, doc, extensions, gems, specifications)
                              bigdecimal 1.3.0
                              io-console 0.4.6
                              json 2.0.2
                              openssl 2.0.2
                              psych 2.2.2
                              rdoc 5.0.0
installing bundle gems:       /home/vagrant/.rvm/rubies/ruby-2.4.0/lib/ruby/gems/2.4.0 (build_info, cache, doc, extensions, gems, specifications)
                              minitest 5.10.1
                              xmlrpc 0.2.1
                              test-unit 3.2.3
                              net-telnet 0.1.1
                              did_you_mean 1.1.0
                              rake 12.0.0
                              power_assert 0.4.1
